                                 Started job on |	Feb 21 16:36:27
                             Started mapping on |	Feb 21 16:36:30
                                    Finished on |	Feb 21 16:36:31
       Mapping speed, Million of reads per hour |	1.61

                          Number of input reads |	448
                      Average input read length |	540
                                    UNIQUE READS:
                   Uniquely mapped reads number |	421
                        Uniquely mapped reads % |	93.97%
                          Average mapped length |	498.82
                       Number of splices: Total |	959
            Number of splices: Annotated (sjdb) |	958
                       Number of splices: GT/AG |	939
                       Number of splices: GC/AG |	16
                       Number of splices: AT/AC |	0
               Number of splices: Non-canonical |	4
                      Mismatch rate per base, % |	0.00%
                         Deletion rate per base |	0.00%
                        Deletion average length |	3.00
                        Insertion rate per base |	0.00%
                       Insertion average length |	0.00
                             MULTI-MAPPING READS:
        Number of reads mapped to multiple loci |	0
             % of reads mapped to multiple loci |	0.00%
        Number of reads mapped to too many loci |	0
             % of reads mapped to too many loci |	0.00%
                                  UNMAPPED READS:
       % of reads unmapped: too many mismatches |	0.00%
                 % of reads unmapped: too short |	0.00%
                     % of reads unmapped: other |	6.03%
                                  CHIMERIC READS:
                       Number of chimeric reads |	0
                            % of chimeric reads |	0.00%
