                                 Started job on |	Feb 21 16:35:59
                             Started mapping on |	Feb 21 16:36:06
                                    Finished on |	Feb 21 16:36:10
       Mapping speed, Million of reads per hour |	8.81

                          Number of input reads |	9794
                      Average input read length |	284
                                    UNIQUE READS:
                   Uniquely mapped reads number |	9794
                        Uniquely mapped reads % |	100.00%
                          Average mapped length |	284.42
                       Number of splices: Total |	19112
            Number of splices: Annotated (sjdb) |	19112
                       Number of splices: GT/AG |	18665
                       Number of splices: GC/AG |	315
                       Number of splices: AT/AC |	29
               Number of splices: Non-canonical |	103
                      Mismatch rate per base, % |	0.00%
                         Deletion rate per base |	0.00%
                        Deletion average length |	0.00
                        Insertion rate per base |	0.00%
                       Insertion average length |	0.00
                             MULTI-MAPPING READS:
        Number of reads mapped to multiple loci |	0
             % of reads mapped to multiple loci |	0.00%
        Number of reads mapped to too many loci |	0
             % of reads mapped to too many loci |	0.00%
                                  UNMAPPED READS:
       % of reads unmapped: too many mismatches |	0.00%
                 % of reads unmapped: too short |	0.00%
                     % of reads unmapped: other |	0.00%
                                  CHIMERIC READS:
                       Number of chimeric reads |	0
                            % of chimeric reads |	0.00%
